Feb 18, 2025 9:28:59 PM Client.connection.ClientConnection <init>
INFO: 
ClientConnection: Attempting to connect to server...
Feb 18, 2025 9:28:59 PM Client.connection.ClientConnection <init>
INFO: 
ClientConnection: Connected to server successfully!
Feb 18, 2025 9:35:14 PM Client.connection.ClientConnection <init>
INFO: 
ClientConnection: Attempting to connect to server...
Feb 18, 2025 9:35:14 PM Client.connection.ClientConnection <init>
INFO: 
ClientConnection: Connected to server successfully!
Feb 18, 2025 9:39:10 PM Client.connection.ClientConnection <init>
INFO: 
ClientConnection: Attempting to connect to server...
Feb 18, 2025 9:39:10 PM Client.connection.ClientConnection <init>
INFO: 
ClientConnection: Connected to server successfully!
Feb 18, 2025 9:51:50 PM Client.connection.ClientConnection <init>
INFO: 
ClientConnection: Attempting to connect to server...
Feb 18, 2025 9:51:50 PM Client.connection.ClientConnection <init>
INFO: 
ClientConnection: Connected to server successfully!
Feb 18, 2025 9:59:54 PM Client.connection.ClientConnection <init>
INFO: 
ClientConnection: Attempting to connect to server...
Feb 18, 2025 9:59:54 PM Client.connection.ClientConnection <init>
INFO: 
ClientConnection: Connected to server successfully!
Feb 18, 2025 10:04:34 PM Client.connection.ClientConnection <init>
INFO: 
ClientConnection: Attempting to connect to server...
Feb 18, 2025 10:04:34 PM Client.connection.ClientConnection <init>
INFO: 
ClientConnection: Connected to server successfully!
Feb 18, 2025 10:04:42 PM Client.connection.ClientConnection sendObject
INFO: 
ClientConnection: Sending object: GET_QUESTION:ALGEBRA
Feb 18, 2025 10:04:42 PM Client.connection.ClientConnection receiveObject
INFO: 
ClientConnection: Waiting to receive object from server...
Feb 18, 2025 10:04:43 PM Client.connection.ClientConnection receiveObject
INFO: 
ClientConnection: Received object: Response{success=true, message='Question retrieved successfully.', data=[QuestionModel{category='ALGEBRA', questionText='Solve the following equation: 10 - 2(3)', choices=[-13, 4, 16, 24], correctAnswer='4', score=1}, QuestionModel{category='ALGEBRA', questionText='Solve the following equation: 3x + 7 = 16', choices=[5, 3, 6, 7], correctAnswer='3', score=1}, QuestionModel{category='ALGEBRA', questionText='Solve for y: 5y - 3 = 2', choices=[1, 2, -1, -2], correctAnswer='1', score=1}, QuestionModel{category='ALGEBRA', questionText='Simplify: 2(x + 3) - 5x', choices=[-3x + 6, 3x + 6, -3x - 6, 3x - 6], correctAnswer='-3x + 6', score=1}, QuestionModel{category='ALGEBRA', questionText='What is the value of x if 4x + 2 = 14?', choices=[3, 2, 4, 1], correctAnswer='3', score=1}, QuestionModel{category='ALGEBRA', questionText='What is the solution to the inequality 2x - 5 < 3?', choices=[x < 4, x > 4, x < 2, x > 2], correctAnswer='x < 4', score=1}, QuestionModel{category='ALGEBRA', questionText='Solve the following equation: x² - 16 = 0', choices=[4, -4, ±4, 0], correctAnswer='±4', score=1}, QuestionModel{category='ALGEBRA', questionText='Expand the expression: (x + 3)(x - 4)', choices=[x² - x - 12, x² - x + 12, x² - 7x - 12, x² + 7x - 12], correctAnswer='x² - x - 12', score=1}, QuestionModel{category='ALGEBRA', questionText='Solve for x: 5x - 7 = 2x + 5', choices=[2, 3, 4, 5], correctAnswer='4', score=1}, QuestionModel{category='ALGEBRA', questionText='What is the value of x in the equation: 7x = 35', choices=[5, 7, 35, 1], correctAnswer='5', score=1}, QuestionModel{category='ALGEBRA', questionText='Simplify: (3x + 4) - (x - 5)', choices=[2x + 9, 2x - 1, 3x - 1, 4x + 9], correctAnswer='2x + 9', score=1}, QuestionModel{category='ALGEBRA', questionText='Solve for x: 4x + 5 = 2x + 13', choices=[4, 5, 3, 2], correctAnswer='4', score=1}, QuestionModel{category='ALGEBRA', questionText='What is the value of x if 3x = 9?', choices=[3, 2, 1, 4], correctAnswer='3', score=1}, QuestionModel{category='ALGEBRA', questionText='Factor the expression: x² + 5x + 6', choices=[(x + 3)(x + 2), (x + 6)(x + 1), (x + 2)(x + 3), (x + 1)(x + 6)], correctAnswer='(x + 3)(x + 2)', score=1}, QuestionModel{category='ALGEBRA', questionText='Solve for x: x² - 25 = 0', choices=[5, -5, ±5, 25], correctAnswer='±5', score=1}, QuestionModel{category='ALGEBRA', questionText='What is the slope of the line passing through the points (2,3) and (4,7)?', choices=[2, 1, 3, 4], correctAnswer='2', score=1}, QuestionModel{category='ALGEBRA', questionText='Solve the system of equations: 2x + y = 8 and x - y = 1', choices=[(3, 2), (2, 4), (1, 5), (4, 3)], correctAnswer='(3, 2)', score=1}, QuestionModel{category='ALGEBRA', questionText='Solve for x: 2x - 4 = 3x + 5', choices=[-9, 9, -5, 5], correctAnswer='-9', score=1}, QuestionModel{category='ALGEBRA', questionText='Simplify the expression: 5(x + 4) - 2(x - 3)', choices=[3x + 26, 3x + 23, 3x + 17, 3x + 20], correctAnswer='3x + 26', score=1}, QuestionModel{category='ALGEBRA', questionText='What is the value of x if 6x - 5 = 19?', choices=[4, 5, 3, 6], correctAnswer='4', score=1}, QuestionModel{category='ALGEBRA', questionText='Simplify: 3x² + 5x - 2x² + 4x', choices=[x² + 9x, 5x² + 9x, 5x² + 9x - 2, x² + 9x - 2], correctAnswer='x² + 9x', score=1}, QuestionModel{category='ALGEBRA', questionText='What is the value of x if 3x + 10 = 25?', choices=[5, 6, 8, 4], correctAnswer='5', score=1}, QuestionModel{category='ALGEBRA', questionText='Solve the equation: x + 7 = 14', choices=[7, 6, 8, 5], correctAnswer='7', score=1}, QuestionModel{category='ALGEBRA', questionText='Factor the expression: x² - 4x', choices=[x(x - 4), (x - 2)(x + 2), x(x + 4), (x - 4)(x + 4)], correctAnswer='x(x - 4)', score=1}, QuestionModel{category='ALGEBRA', questionText='What is the proper term for this definition?
            A term without a variable', choices=[Constant, Exponent, Set, Terms], correctAnswer='Constant', score=1}, QuestionModel{category='ALGEBRA', questionText='How many terms are included in this expression?
            2x^2 + 12x - 8 + 10x', choices=[3, 4, 5, 6], correctAnswer='4', score=1}, QuestionModel{category='ALGEBRA', questionText='"Simplify the fraction to the lowest terms:
            924/1092"', choices=[308/364, 11/13, 44/52, 154/183], correctAnswer='11/13', score=1}, QuestionModel{category='ALGEBRA', questionText='"Identify the domain and range:
            (-2, 3), (4, 5), (-1, 6), (2, 3), (1, 3), (4, 7), (-3, 0)"', choices=["D: {0, 1, 2, 3, 4, 5, 6, 7}
            R: {-1, -2, -3}", "D: {0, 3, 5, 6, 7}
            R: {-3, -2, -1, 1, 2, 4}", "D: {2, 3, 1, 3, 4, 7, -3}
            R: {-2, 3, 4, 5, -1, 6, 0}", "D: {-3, -2, -1, 1, 2, 4}
            R: {0, 3, 5, 6, 7}"], correctAnswer='"D: {-3, -2, -1, 1, 2, 4}
            R: {0, 3, 5, 6, 7}"', score=1}, QuestionModel{category='ALGEBRA', questionText='"Solve the following equation:
            10 - 2(3)"', choices=[-13, 4, 16, 24], correctAnswer='4', score=1}, QuestionModel{category='ALGEBRA', questionText='"Simplify the expression:
            (-1/5)^3"', choices=[-3/125, -1/125, 3/125, 1/125], correctAnswer='-1/125', score=1}, QuestionModel{category='ALGEBRA', questionText='"Simplify the expression:
            (2x^3)^2"', choices=[2x^5, 4x^6, 4x^5, 2x^6], correctAnswer='4x^6', score=1}, QuestionModel{category='ALGEBRA', questionText='"Simplify the expression:
            4m + 5 + 2m - 1"', choices=[10m, 6m + 4, 6m + 6, 6m - 4], correctAnswer='6m + 4', score=1}, QuestionModel{category='ALGEBRA', questionText='"Solve the pair of equations for x and y:
            x + y = 4
            x − y = 8"', choices=[x = 2 , y = −6, x = 6 , y = −2, x = −6 , y = 2, x = −2 , y = 6], correctAnswer='x = 6 , y = −2', score=2}, QuestionModel{category='ALGEBRA', questionText='"Solve the following equation:
            5(x − 5) = 5"', choices=[x = −6, x = 1, x = 6, x = −1], correctAnswer='x = 6', score=2}, QuestionModel{category='ALGEBRA', questionText='"What is the algebraic expression for this phrase:
            'A number t times 6'"', choices=[6t, 6(t) + 1, 6(2) + t, 6(0)t], correctAnswer='6t', score=2}, QuestionModel{category='ALGEBRA', questionText='"What is the algebraic expression for this phrase:
            '13 more than the product of 9 and n'"', choices=[13 + 9 + n, 9n + 13, 13(9) + n, 9(13) + n], correctAnswer='9n + 13', score=2}, QuestionModel{category='ALGEBRA', questionText='"Solve the following equation:
            2(z + 3) = 18"', choices=[z = 12, z = 7.5, z = 2, z = 6], correctAnswer='z = 6', score=2}, QuestionModel{category='ALGEBRA', questionText='"Solve the following equation:
            6x − 2 = −14"', choices=[1, -2, -1, 2], correctAnswer='-2', score=2}, QuestionModel{category='ALGEBRA', questionText='"Solve the following equation:
            4k - 5k = 10 + k"', choices=[k = 5, k = 20, k = -5, k = -20], correctAnswer='k = -5', score=2}, QuestionModel{category='ALGEBRA', questionText='"Solve the pair of equations for x and y:
            2x + y = 16
            y − 2x = 0"', choices=[x = 4 , y = −8, x = 8 , y = 4, x = 4 , y = 8, x = 8 , y = −4], correctAnswer='x = 4 , y = 8', score=3}, QuestionModel{category='ALGEBRA', questionText='"Translate and solve:
            '4 less than 3 times a number is -16'"', choices=[x = -4, x = 3, x = 4, x = -3], correctAnswer='x = -4', score=3}, QuestionModel{category='ALGEBRA', questionText='"Rearrange the equation into slope-intercept form:
            2x - 3y = 9"', choices=[y = 9 / 2x - 3, y = 2 / 3x - 3, y = 2x / 3y - 3, y = 3 / 2x - 9], correctAnswer='y = 2 / 3x - 3', score=3}, QuestionModel{category='ALGEBRA', questionText='"What is the algebraic expression for this phrase:
            ""9 taken away from the sum of x and y"""', choices=[x + y - 9, 9 - (x + y), x + y / 9, 9 / x + y], correctAnswer='x + y - 9', score=3}, QuestionModel{category='ALGEBRA', questionText='The sum of two numbers is 82 and their product is 1456, find the two numbers.', choices=[41, 2, 26 , 56, 41, -2, -26 , -56], correctAnswer='26 , 56', score=3}]}
Feb 18, 2025 10:04:43 PM Client.controller.GameController setQuestions
INFO: 
GameController: Loaded 44 shuffled questions for category: ALGEBRA
Feb 18, 2025 10:04:45 PM Client.controller.GameController checkAnswer
WARNING: 
GameController: Wrong answer for question: Factor the expression: x² + 5x + 6
Feb 18, 2025 10:04:45 PM Client.controller.GameController updateComboUI
INFO: 
GameController: Updating combo display: 0
Feb 18, 2025 10:04:47 PM Client.connection.ClientConnection sendObject
INFO: 
ClientConnection: Sending object: PlayerModel{name='hi  ', score=0}
Feb 18, 2025 10:04:47 PM Client.connection.ClientConnection receiveObject
INFO: 
ClientConnection: Waiting to receive object from server...
Feb 18, 2025 10:04:47 PM Client.controller.GameController switchToScoreView
INFO: 
GameController: Successfully switched to the Score view
Feb 18, 2025 10:04:47 PM Client.connection.ClientConnection receiveObject
INFO: 
ClientConnection: Received object: Response{success=true, message='Player score updated successfully.', data=null}
Feb 18, 2025 10:04:47 PM Client.controller.GameController lambda$sendScoreToServer$4
INFO: 
GameController: Score successfully sent to the server.
Feb 18, 2025 10:11:48 PM Client.connection.ClientConnection <init>
INFO: 
ClientConnection: Attempting to connect to server...
Feb 18, 2025 10:11:48 PM Client.connection.ClientConnection <init>
INFO: 
ClientConnection: Connected to server successfully!
Feb 18, 2025 10:11:56 PM Client.connection.ClientConnection sendObject
INFO: 
ClientConnection: Sending object: GET_QUESTION:ARITHMETIC
Feb 18, 2025 10:11:56 PM Client.connection.ClientConnection receiveObject
INFO: 
ClientConnection: Waiting to receive object from server...
Feb 18, 2025 10:11:56 PM Client.connection.ClientConnection receiveObject
INFO: 
ClientConnection: Received object: Response{success=true, message='Question retrieved successfully.', data=[QuestionModel{category='ARITHMETIC', questionText='Find the next term of the arithmetic sequence 177, 173, 169, 165,…', choices=[160, 162, 161, 159], correctAnswer='162', score=1}, QuestionModel{category='ARITHMETIC', questionText='65 is what percent of 500', choices=[6, 8, 11, 13], correctAnswer='13', score=1}, QuestionModel{category='ARITHMETIC', questionText='9/10 - 3/10', choices=[3/4, 4/5, 4/15, 3/15], correctAnswer='3/4', score=1}, QuestionModel{category='ARITHMETIC', questionText='What is the sum of 130 + 125 + 191?', choices=[335, 457, 446, 546], correctAnswer='446', score=1}, QuestionModel{category='ARITHMETIC', questionText='Solve 24 ÷ 8 + 2.', choices=[5, 6, 8, 12], correctAnswer='12', score=1}, QuestionModel{category='ARITHMETIC', questionText='Cube root of 1331 is:', choices=[11, 13, 14, 12], correctAnswer='11', score=1}, QuestionModel{category='ARITHMETIC', questionText='A square has all its angles equal to:', choices=[180, 90, 75, 120], correctAnswer='90', score=1}, QuestionModel{category='ARITHMETIC', questionText='The square root of 5 is:', choices=[2.23, 2.25, 3, 2.5], correctAnswer='2.23', score=1}, QuestionModel{category='ARITHMETIC', questionText='Which of the following inequalities is true?', choices=[3/4 is less than 5/7, 2/3 is greater than 5/6, 5/8 is greater than 6/10, 4/5 is less than 2/9], correctAnswer='5/8 > 6/10', score=2}, QuestionModel{category='ARITHMETIC', questionText='What is the value of the expression 8x – 10 when x = 5?', choices=[30, 4, 3, 50], correctAnswer='30', score=2}, QuestionModel{category='ARITHMETIC', questionText='46.2 × 10-2 =', choices=[0.0462, 0.462, 4.62, 0.00462], correctAnswer='0.462', score=2}, QuestionModel{category='ARITHMETIC', questionText='3 1/3 – 2 2/5 =', choices=[1 1/2, 1/15, 14/15, 1 1/1], correctAnswer='14/15', score=2}, QuestionModel{category='ARITHMETIC', questionText='15 + 19 + 23 + 27 + 31 + 35 + 39', choices=[150, 189, 174, 168], correctAnswer='189', score=2}, QuestionModel{category='ARITHMETIC', questionText='7 / 20 =', choices=[0.035, 0.855, 3.35, 0.858], correctAnswer='0.858', score=2}, QuestionModel{category='ARITHMETIC', questionText='Common ration of  4, 12, 36, 108, ...', choices=[6, 3, -3, -6], correctAnswer='3', score=2}, QuestionModel{category='ARITHMETIC', questionText='75, ?, ?, ?, 135', choices=[90, 105, 120, 120, 105, 90, 85, 95, 105, 95, 115, 125], correctAnswer='90, 105, 120', score=3}, QuestionModel{category='ARITHMETIC', questionText='What is the common ratio of the sequence: 4,12,36,108,...?', choices=[2, 3, 4, 6], correctAnswer='3', score=3}, QuestionModel{category='ARITHMETIC', questionText='A store increases the price of a phone from $500 to $625. What is the percentage increase?', choices=[20%, 22.50%, 25%, 30%], correctAnswer='25%', score=3}, QuestionModel{category='ARITHMETIC', questionText='"What is the average (mean) of these numbers?
            8, 14, 20, 26, 32, 38"', choices=[21, 23, 24, 26], correctAnswer='24', score=3}, QuestionModel{category='ARITHMETIC', questionText='Which two consecutive whole numbers does √77 ​lie between?', choices=[7 and 8, 8 and 9, 9 and 10, 10 and 11], correctAnswer='8 and 9', score=3}, QuestionModel{category='ARITHMETIC', questionText='What is 8 + 12?', choices=[18, 20, 21, 19], correctAnswer='20', score=1}, QuestionModel{category='ARITHMETIC', questionText='What is 50 - 18?', choices=[28, 32, 30, 31], correctAnswer='32', score=2}, QuestionModel{category='ARITHMETIC', questionText='What is 15 × 4?', choices=[60, 65, 70, 75], correctAnswer='60', score=2}, QuestionModel{category='ARITHMETIC', questionText='What is 96 ÷ 8?', choices=[10, 11, 12, 13], correctAnswer='12', score=2}, QuestionModel{category='ARITHMETIC', questionText='What is 75 + 39?', choices=[113, 114, 115, 116], correctAnswer='114', score=3}, QuestionModel{category='ARITHMETIC', questionText='What is 125 ÷ 25?', choices=[5, 4, 6, 7], correctAnswer='5', score=3}, QuestionModel{category='ARITHMETIC', questionText='What is 375 × 6?', choices=[2200, 2250, 2300, 2350], correctAnswer='2250', score=4}, QuestionModel{category='ARITHMETIC', questionText='What is 819 ÷ 27?', choices=[30, 31, 32, 33], correctAnswer='30', score=4}, QuestionModel{category='ARITHMETIC', questionText='What is 456 + 789?', choices=[1135, 1245, 1235, 1185], correctAnswer='1245', score=4}, QuestionModel{category='ARITHMETIC', questionText='What is 625 ÷ 25 × 12?', choices=[300, 315, 320, 325], correctAnswer='300', score=5}, QuestionModel{category='ARITHMETIC', questionText='What is 5 + 8?', choices=[13, 12, 15, 10], correctAnswer='13', score=1}, QuestionModel{category='ARITHMETIC', questionText='What is 12 - 7?', choices=[5, 6, 4, 3], correctAnswer='5', score=1}, QuestionModel{category='ARITHMETIC', questionText='What is 6 × 9?', choices=[54, 56, 60, 52], correctAnswer='54', score=1}, QuestionModel{category='ARITHMETIC', questionText='What is 36 ÷ 4?', choices=[9, 8, 7, 10], correctAnswer='9', score=1}, QuestionModel{category='ARITHMETIC', questionText='What is 15 + 9?', choices=[22, 23, 24, 21], correctAnswer='24', score=1}, QuestionModel{category='ARITHMETIC', questionText='What is 100 - 37?', choices=[67, 66, 65, 68], correctAnswer='63', score=1}, QuestionModel{category='ARITHMETIC', questionText='What is 14 × 5?', choices=[60, 70, 72, 75], correctAnswer='70', score=1}, QuestionModel{category='ARITHMETIC', questionText='What is 120 ÷ 6?', choices=[18, 19, 20, 21], correctAnswer='20', score=1}, QuestionModel{category='ARITHMETIC', questionText='What is 45 + 55?', choices=[95, 100, 105, 110], correctAnswer='100', score=1}, QuestionModel{category='ARITHMETIC', questionText='What is 50 ÷ 2?', choices=[30, 25, 20, 15], correctAnswer='25', score=1}]}
Feb 18, 2025 10:11:57 PM Client.controller.GameController setQuestions
INFO: 
GameController: Loaded 40 shuffled questions for category: ARITHMETIC
Feb 18, 2025 10:11:58 PM Client.controller.GameController checkAnswer
INFO: 
GameController: Correct answer for question: What is 50 ÷ 2?
Feb 18, 2025 10:11:58 PM Client.controller.GameController updateComboUI
INFO: 
GameController: Updating combo display: 1
Feb 18, 2025 10:11:59 PM Client.controller.GameController checkAnswer
WARNING: 
GameController: Wrong answer for question: What is 625 ÷ 25 × 12?
Feb 18, 2025 10:11:59 PM Client.controller.GameController updateComboUI
INFO: 
GameController: Updating combo display: 0
Feb 18, 2025 10:12:00 PM Client.controller.GameController checkAnswer
WARNING: 
GameController: Wrong answer for question: Find the next term of the arithmetic sequence 177, 173, 169, 165,…
Feb 18, 2025 10:12:00 PM Client.controller.GameController updateComboUI
INFO: 
GameController: Updating combo display: 0
